{
  "RSpec": {
    "coverage": {
      "/Users/leigh-anngant/Projects/makers_onsite/week_9/tic-tac-toe/spec/feature_tests/add_move_spec.rb": [
        1,
        null,
        1,
        6,
        6,
        6,
        null,
        1,
        5,
        null,
        null,
        1,
        1,
        1,
        1,
        null,
        1,
        3,
        1,
        null,
        1,
        1,
        1,
        3,
        null,
        1,
        3,
        null,
        1,
        1,
        3,
        1,
        1,
        1,
        3,
        1,
        null,
        null
      ],
      "/Users/leigh-anngant/Projects/makers_onsite/week_9/tic-tac-toe/lib/game.rb": [
        1,
        1,
        1,
        1,
        null,
        1,
        null,
        1,
        10,
        10,
        10,
        null,
        null,
        1,
        10,
        null,
        null,
        1,
        13,
        12,
        8,
        null,
        null,
        1,
        13,
        null,
        null,
        null,
        null,
        null,
        1,
        null,
        1,
        8,
        null,
        null,
        null
      ],
      "/Users/leigh-anngant/Projects/makers_onsite/week_9/tic-tac-toe/lib/grid.rb": [
        1,
        1,
        59,
        null,
        null,
        1,
        9,
        null,
        null,
        1,
        18,
        18,
        11,
        null,
        null,
        1,
        2,
        null,
        null,
        1,
        1,
        1,
        null,
        1,
        18,
        14,
        null,
        null,
        1,
        18,
        null,
        null,
        1,
        14,
        null,
        null,
        null
      ],
      "/Users/leigh-anngant/Projects/makers_onsite/week_9/tic-tac-toe/lib/move.rb": [
        1,
        1,
        12,
        12,
        12,
        12,
        null,
        null,
        1,
        9,
        null,
        null,
        1,
        null,
        1,
        12,
        null,
        null
      ],
      "/Users/leigh-anngant/Projects/makers_onsite/week_9/tic-tac-toe/spec/feature_tests/start_new_game_spec.rb": [
        1,
        null,
        1,
        2,
        2,
        2,
        null,
        1,
        1,
        1,
        null,
        null
      ],
      "/Users/leigh-anngant/Projects/makers_onsite/week_9/tic-tac-toe/spec/game_spec.rb": [
        1,
        null,
        1,
        5,
        5,
        5,
        5,
        5,
        null,
        1,
        1,
        1,
        null,
        null,
        1,
        1,
        3,
        3,
        null,
        1,
        1,
        null,
        1,
        1,
        1,
        1,
        null,
        1,
        1,
        null,
        null,
        null
      ],
      "/Users/leigh-anngant/Projects/makers_onsite/week_9/tic-tac-toe/spec/grid_spec.rb": [
        1,
        null,
        1,
        1,
        2,
        null,
        null,
        1,
        1,
        1,
        1,
        null,
        1,
        1,
        1,
        null,
        null,
        1,
        6,
        1,
        1,
        1,
        null,
        1,
        1,
        1,
        null,
        1,
        3,
        null,
        1,
        3,
        null,
        1,
        1,
        3,
        null,
        null,
        null,
        1,
        1,
        1,
        1,
        1,
        1,
        1,
        1,
        null,
        null,
        1,
        1,
        1,
        null,
        null,
        null
      ],
      "/Users/leigh-anngant/Projects/makers_onsite/week_9/tic-tac-toe/spec/move_spec.rb": [
        1,
        null,
        1,
        1,
        2,
        null,
        1,
        2,
        null,
        1,
        2,
        null,
        1,
        2,
        null,
        1,
        1,
        1,
        1,
        null,
        null,
        null
      ]
    },
    "timestamp": 1519935121
  }
}
